\BOOKMARK [1][-]{section.1}{\376\377\000I\000n\000t\000r\000o\000d\000u\000c\000c\000i\000\363\000n}{}% 1
\BOOKMARK [2][-]{subsection.1.1}{\376\377\000C\000o\000n\000t\000e\000x\000t\000o\000\040\000d\000e\000l\000\040\000P\000r\000o\000y\000e\000c\000t\000o}{section.1}% 2
\BOOKMARK [2][-]{subsection.1.2}{\376\377\000O\000b\000j\000e\000t\000i\000v\000o\000s\000\040\000d\000e\000l\000\040\000P\000r\000o\000y\000e\000c\000t\000o}{section.1}% 3
\BOOKMARK [2][-]{subsection.1.3}{\376\377\000T\000e\000c\000n\000o\000l\000o\000g\000\355\000a\000s\000\040\000U\000t\000i\000l\000i\000z\000a\000d\000a\000s}{section.1}% 4
\BOOKMARK [2][-]{subsection.1.4}{\376\377\000E\000s\000t\000r\000u\000c\000t\000u\000r\000a\000\040\000d\000e\000\040\000l\000a\000\040\000D\000o\000c\000u\000m\000e\000n\000t\000a\000c\000i\000\363\000n}{section.1}% 5
\BOOKMARK [1][-]{section.2}{\376\377\000A\000r\000q\000u\000i\000t\000e\000c\000t\000u\000r\000a\000\040\000d\000e\000l\000\040\000S\000i\000s\000t\000e\000m\000a}{}% 6
\BOOKMARK [2][-]{subsection.2.1}{\376\377\000V\000i\000s\000i\000\363\000n\000\040\000G\000e\000n\000e\000r\000a\000l}{section.2}% 7
\BOOKMARK [2][-]{subsection.2.2}{\376\377\000E\000s\000t\000r\000u\000c\000t\000u\000r\000a\000\040\000d\000e\000\040\000P\000a\000q\000u\000e\000t\000e\000s}{section.2}% 8
\BOOKMARK [2][-]{subsection.2.3}{\376\377\000D\000i\000a\000g\000r\000a\000m\000a\000\040\000d\000e\000\040\000C\000o\000m\000p\000o\000n\000e\000n\000t\000e\000s}{section.2}% 9
\BOOKMARK [2][-]{subsection.2.4}{\376\377\000P\000r\000i\000n\000c\000i\000p\000i\000o\000s\000\040\000d\000e\000\040\000D\000i\000s\000e\000\361\000o\000\040\000A\000p\000l\000i\000c\000a\000d\000o\000s}{section.2}% 10
\BOOKMARK [3][-]{subsubsection.2.4.1}{\376\377\000S\000e\000p\000a\000r\000a\000c\000i\000\363\000n\000\040\000d\000e\000\040\000R\000e\000s\000p\000o\000n\000s\000a\000b\000i\000l\000i\000d\000a\000d\000e\000s}{subsection.2.4}% 11
\BOOKMARK [3][-]{subsubsection.2.4.2}{\376\377\000C\000o\000n\000c\000u\000r\000r\000e\000n\000c\000i\000a\000\040\000C\000o\000n\000t\000r\000o\000l\000a\000d\000a}{subsection.2.4}% 12
\BOOKMARK [3][-]{subsubsection.2.4.3}{\376\377\000M\000o\000d\000u\000l\000a\000r\000i\000d\000a\000d}{subsection.2.4}% 13
\BOOKMARK [1][-]{section.3}{\376\377\000I\000m\000p\000l\000e\000m\000e\000n\000t\000a\000c\000i\000\363\000n\000\040\000d\000e\000l\000\040\000S\000e\000r\000v\000i\000d\000o\000r}{}% 14
\BOOKMARK [2][-]{subsection.3.1}{\376\377\000C\000l\000a\000s\000e\000\040\000S\000e\000r\000v\000i\000d\000o\000r}{section.3}% 15
\BOOKMARK [2][-]{subsection.3.2}{\376\377\000C\000a\000r\000a\000c\000t\000e\000r\000\355\000s\000t\000i\000c\000a\000s\000\040\000d\000e\000l\000\040\000S\000e\000r\000v\000i\000d\000o\000r}{section.3}% 16
\BOOKMARK [3][-]{subsubsection.3.2.1}{\376\377\000P\000u\000e\000r\000t\000o\000\040\000d\000e\000\040\000E\000s\000c\000u\000c\000h\000a}{subsection.3.2}% 17
\BOOKMARK [3][-]{subsubsection.3.2.2}{\376\377\000G\000e\000s\000t\000i\000\363\000n\000\040\000d\000e\000\040\000C\000l\000i\000e\000n\000t\000e\000s}{subsection.3.2}% 18
\BOOKMARK [3][-]{subsubsection.3.2.3}{\376\377\000P\000o\000o\000l\000\040\000d\000e\000\040\000H\000i\000l\000o\000s}{subsection.3.2}% 19
\BOOKMARK [3][-]{subsubsection.3.2.4}{\376\377\000M\000\351\000t\000o\000d\000o\000\040\000B\000r\000o\000a\000d\000c\000a\000s\000t}{subsection.3.2}% 20
\BOOKMARK [2][-]{subsection.3.3}{\376\377\000C\000l\000a\000s\000e\000\040\000H\000a\000n\000d\000l\000e\000r\000C\000l\000i\000e\000n\000t\000e}{section.3}% 21
\BOOKMARK [2][-]{subsection.3.4}{\376\377\000C\000i\000c\000l\000o\000\040\000d\000e\000\040\000V\000i\000d\000a\000\040\000d\000e\000\040\000u\000n\000a\000\040\000C\000o\000n\000e\000x\000i\000\363\000n}{section.3}% 22
\BOOKMARK [1][-]{section.4}{\376\377\000I\000m\000p\000l\000e\000m\000e\000n\000t\000a\000c\000i\000\363\000n\000\040\000d\000e\000l\000\040\000C\000l\000i\000e\000n\000t\000e}{}% 23
\BOOKMARK [2][-]{subsection.4.1}{\376\377\000C\000l\000a\000s\000e\000\040\000A\000p\000p}{section.4}% 24
\BOOKMARK [2][-]{subsection.4.2}{\376\377\000C\000a\000r\000a\000c\000t\000e\000r\000\355\000s\000t\000i\000c\000a\000s\000\040\000d\000e\000l\000\040\000C\000l\000i\000e\000n\000t\000e}{section.4}% 25
\BOOKMARK [3][-]{subsubsection.4.2.1}{\376\377\000S\000e\000p\000a\000r\000a\000c\000i\000\363\000n\000\040\000S\000e\000r\000v\000i\000d\000o\000r\000-\000C\000l\000i\000e\000n\000t\000e}{subsection.4.2}% 26
\BOOKMARK [3][-]{subsubsection.4.2.2}{\376\377\000V\000a\000l\000i\000d\000a\000c\000i\000\363\000n\000\040\000d\000e\000\040\000C\000o\000n\000e\000x\000i\000\363\000n}{subsection.4.2}% 27
\BOOKMARK [3][-]{subsubsection.4.2.3}{\376\377\000D\000i\000\341\000l\000o\000g\000o\000\040\000d\000e\000\040\000I\000d\000e\000n\000t\000i\000f\000i\000c\000a\000c\000i\000\363\000n}{subsection.4.2}% 28
\BOOKMARK [3][-]{subsubsection.4.2.4}{\376\377\000C\000a\000r\000g\000a\000\040\000d\000e\000\040\000l\000a\000\040\000I\000n\000t\000e\000r\000f\000a\000z}{subsection.4.2}% 29
\BOOKMARK [2][-]{subsection.4.3}{\376\377\000C\000l\000a\000s\000e\000\040\000M\000a\000i\000n\000C\000o\000n\000t\000r\000o\000l\000l\000e\000r}{section.4}% 30
\BOOKMARK [2][-]{subsection.4.4}{\376\377\000G\000e\000s\000t\000i\000\363\000n\000\040\000d\000e\000\040\000M\000e\000n\000s\000a\000j\000e\000s}{section.4}% 31
\BOOKMARK [3][-]{subsubsection.4.4.1}{\376\377\000E\000n\000v\000\355\000o\000\040\000d\000e\000\040\000M\000e\000n\000s\000a\000j\000e\000s}{subsection.4.4}% 32
\BOOKMARK [3][-]{subsubsection.4.4.2}{\376\377\000R\000e\000c\000e\000p\000c\000i\000\363\000n\000\040\000d\000e\000\040\000M\000e\000n\000s\000a\000j\000e\000s}{subsection.4.4}% 33
\BOOKMARK [1][-]{section.5}{\376\377\000P\000r\000o\000t\000o\000c\000o\000l\000o\000\040\000d\000e\000\040\000C\000o\000m\000u\000n\000i\000c\000a\000c\000i\000\363\000n}{}% 34
\BOOKMARK [2][-]{subsection.5.1}{\376\377\000F\000o\000r\000m\000a\000t\000o\000\040\000d\000e\000\040\000M\000e\000n\000s\000a\000j\000e\000s}{section.5}% 35
\BOOKMARK [2][-]{subsection.5.2}{\376\377\000F\000l\000u\000j\000o\000\040\000d\000e\000\040\000C\000o\000m\000u\000n\000i\000c\000a\000c\000i\000\363\000n}{section.5}% 36
\BOOKMARK [2][-]{subsection.5.3}{\376\377\000D\000i\000a\000g\000r\000a\000m\000a\000\040\000d\000e\000\040\000S\000e\000c\000u\000e\000n\000c\000i\000a}{section.5}% 37
\BOOKMARK [1][-]{section.6}{\376\377\000I\000n\000t\000e\000r\000f\000a\000z\000\040\000d\000e\000\040\000U\000s\000u\000a\000r\000i\000o}{}% 38
\BOOKMARK [2][-]{subsection.6.1}{\376\377\000C\000o\000m\000p\000o\000n\000e\000n\000t\000e\000s\000\040\000d\000e\000\040\000l\000a\000\040\000I\000n\000t\000e\000r\000f\000a\000z}{section.6}% 39
\BOOKMARK [2][-]{subsection.6.2}{\376\377\000A\000r\000c\000h\000i\000v\000o\000\040\000F\000X\000M\000L}{section.6}% 40
\BOOKMARK [2][-]{subsection.6.3}{\376\377\000E\000s\000t\000i\000l\000o\000s\000\040\000C\000S\000S}{section.6}% 41
\BOOKMARK [2][-]{subsection.6.4}{\376\377\000M\000\351\000t\000o\000d\000o\000s\000\040\000d\000e\000\040\000V\000i\000s\000u\000a\000l\000i\000z\000a\000c\000i\000\363\000n}{section.6}% 42
\BOOKMARK [3][-]{subsubsection.6.4.1}{\376\377\000A\000g\000r\000e\000g\000a\000r\000\040\000M\000e\000n\000s\000a\000j\000e\000\040\000P\000r\000o\000p\000i\000o}{subsection.6.4}% 43
\BOOKMARK [3][-]{subsubsection.6.4.2}{\376\377\000A\000g\000r\000e\000g\000a\000r\000\040\000M\000e\000n\000s\000a\000j\000e\000\040\000R\000e\000c\000i\000b\000i\000d\000o}{subsection.6.4}% 44
\BOOKMARK [1][-]{section.7}{\376\377\000C\000o\000m\000p\000i\000l\000a\000c\000i\000\363\000n\000\040\000y\000\040\000E\000j\000e\000c\000u\000c\000i\000\363\000n}{}% 45
\BOOKMARK [2][-]{subsection.7.1}{\376\377\000E\000s\000t\000r\000u\000c\000t\000u\000r\000a\000\040\000d\000e\000l\000\040\000P\000O\000M}{section.7}% 46
\BOOKMARK [2][-]{subsection.7.2}{\376\377\000C\000o\000m\000a\000n\000d\000o\000s\000\040\000d\000e\000\040\000E\000j\000e\000c\000u\000c\000i\000\363\000n}{section.7}% 47
\BOOKMARK [3][-]{subsubsection.7.2.1}{\376\377\000C\000o\000m\000p\000i\000l\000a\000r\000\040\000e\000l\000\040\000P\000r\000o\000y\000e\000c\000t\000o}{subsection.7.2}% 48
\BOOKMARK [3][-]{subsubsection.7.2.2}{\376\377\000E\000j\000e\000c\000u\000t\000a\000r\000\040\000e\000l\000\040\000S\000e\000r\000v\000i\000d\000o\000r}{subsection.7.2}% 49
\BOOKMARK [3][-]{subsubsection.7.2.3}{\376\377\000E\000j\000e\000c\000u\000t\000a\000r\000\040\000C\000l\000i\000e\000n\000t\000e\000s}{subsection.7.2}% 50
\BOOKMARK [3][-]{subsubsection.7.2.4}{\376\377\000E\000j\000e\000c\000u\000t\000a\000r\000\040\000M\000\372\000l\000t\000i\000p\000l\000e\000s\000\040\000I\000n\000s\000t\000a\000n\000c\000i\000a\000s}{subsection.7.2}% 51
\BOOKMARK [2][-]{subsection.7.3}{\376\377\000C\000l\000a\000s\000e\000s\000\040\000L\000a\000u\000n\000c\000h\000e\000r}{section.7}% 52
\BOOKMARK [3][-]{subsubsection.7.3.1}{\376\377\000L\000a\000u\000n\000c\000h\000e\000r\000S\000e\000r\000v\000i\000d\000o\000r}{subsection.7.3}% 53
\BOOKMARK [3][-]{subsubsection.7.3.2}{\376\377\000L\000a\000u\000n\000c\000h\000e\000r}{subsection.7.3}% 54
\BOOKMARK [1][-]{section.8}{\376\377\000P\000r\000o\000b\000l\000e\000m\000a\000s\000\040\000E\000n\000c\000o\000n\000t\000r\000a\000d\000o\000s\000\040\000y\000\040\000S\000o\000l\000u\000c\000i\000o\000n\000e\000s}{}% 55
\BOOKMARK [2][-]{subsection.8.1}{\376\377\000P\000r\000o\000b\000l\000e\000m\000a\000\040\0001\000:\000\040\000S\000i\000n\000c\000r\000o\000n\000i\000z\000a\000c\000i\000\363\000n\000\040\000d\000e\000\040\000H\000i\000l\000o\000s}{section.8}% 56
\BOOKMARK [2][-]{subsection.8.2}{\376\377\000P\000r\000o\000b\000l\000e\000m\000a\000\040\0002\000:\000\040\000A\000c\000t\000u\000a\000l\000i\000z\000a\000c\000i\000\363\000n\000\040\000d\000e\000\040\000l\000a\000\040\000I\000n\000t\000e\000r\000f\000a\000z\000\040\000d\000e\000s\000d\000e\000\040\000H\000i\000l\000o\000s}{section.8}% 57
\BOOKMARK [2][-]{subsection.8.3}{\376\377\000P\000r\000o\000b\000l\000e\000m\000a\000\040\0003\000:\000\040\000C\000i\000e\000r\000r\000e\000\040\000d\000e\000\040\000C\000o\000n\000e\000x\000i\000o\000n\000e\000s}{section.8}% 58
\BOOKMARK [2][-]{subsection.8.4}{\376\377\000P\000r\000o\000b\000l\000e\000m\000a\000\040\0004\000:\000\040\000M\000e\000n\000s\000a\000j\000e\000s\000\040\000D\000u\000p\000l\000i\000c\000a\000d\000o\000s}{section.8}% 59
\BOOKMARK [2][-]{subsection.8.5}{\376\377\000P\000r\000o\000b\000l\000e\000m\000a\000\040\0005\000:\000\040\000C\000o\000n\000f\000i\000g\000u\000r\000a\000c\000i\000\363\000n\000\040\000d\000e\000l\000\040\000P\000u\000e\000r\000t\000o}{section.8}% 60
\BOOKMARK [2][-]{subsection.8.6}{\376\377\000P\000r\000o\000b\000l\000e\000m\000a\000\040\0006\000:\000\040\000S\000c\000r\000o\000l\000l\000\040\000A\000u\000t\000o\000m\000\341\000t\000i\000c\000o}{section.8}% 61
\BOOKMARK [2][-]{subsection.8.7}{\376\377\000P\000r\000o\000b\000l\000e\000m\000a\000\040\0007\000:\000\040\000M\000e\000n\000s\000a\000j\000e\000s\000\040\000P\000r\000o\000p\000i\000o\000s\000\040\000A\000p\000a\000r\000e\000c\000e\000n\000\040\000D\000o\000s\000\040\000V\000e\000c\000e\000s}{section.8}% 62
\BOOKMARK [2][-]{subsection.8.8}{\376\377\000P\000r\000o\000b\000l\000e\000m\000a\000\040\0008\000:\000\040\000F\000o\000r\000m\000a\000t\000o\000\040\000I\000n\000c\000o\000r\000r\000e\000c\000t\000o\000\040\000e\000n\000\040\000M\000e\000n\000s\000a\000j\000e\000s\000\040\000d\000e\000\040\000O\000t\000r\000o\000s\000\040\000U\000s\000u\000a\000r\000i\000o\000s}{section.8}% 63
\BOOKMARK [2][-]{subsection.8.9}{\376\377\000P\000r\000o\000b\000l\000e\000m\000a\000\040\0009\000:\000\040\000I\000n\000i\000c\000i\000o\000\040\000A\000c\000o\000p\000l\000a\000d\000o\000\040\000d\000e\000\040\000S\000e\000r\000v\000i\000d\000o\000r\000\040\000y\000\040\000C\000l\000i\000e\000n\000t\000e}{section.8}% 64
\BOOKMARK [1][-]{section.9}{\376\377\000C\000o\000n\000c\000l\000u\000s\000i\000\363\000n}{}% 65
\BOOKMARK [2][-]{subsection.9.1}{\376\377\000O\000b\000j\000e\000t\000i\000v\000o\000s\000\040\000A\000l\000c\000a\000n\000z\000a\000d\000o\000s}{section.9}% 66
\BOOKMARK [2][-]{subsection.9.2}{\376\377\000A\000p\000r\000e\000n\000d\000i\000z\000a\000j\000e\000s\000\040\000T\000e\000c\000n\000i\000c\000o\000s}{section.9}% 67
\BOOKMARK [2][-]{subsection.9.3}{\376\377\000P\000o\000s\000i\000b\000l\000e\000s\000\040\000M\000e\000j\000o\000r\000a\000s\000\040\000F\000u\000t\000u\000r\000a\000s}{section.9}% 68
\BOOKMARK [1][-]{section.10}{\376\377\000B\000i\000b\000l\000i\000o\000g\000r\000a\000f\000\355\000a}{}% 69
